2015-01-23 16:25:10,839: DEBUG: Login successful to host 10.0.10.20 as user root
2015-01-23 16:25:10,915: DEBUG: Retrieved Xen network reference 0928d56f-78cd-92a8-df03-902fabd68723
2015-01-23 16:25:10,915: DEBUG: Beginning main backup loop
2015-01-23 16:25:18,501: INFO: Adding VM Transfer VM for VDI f5148ab3-bb26-4d19-afe5-83809261a753 to backup queue
2015-01-23 16:25:18,502: INFO: Adding VM Transfer VM for VDI 814842d1-be21-4188-b733-e773e9e885ff to backup queue
2015-01-23 16:25:18,502: INFO: Adding VM WIN7 to backup queue
2015-01-23 16:25:18,502: INFO: Adding VM Transfer VM for VDI 1bb68ef7-ba1d-47a9-91d9-340c25f91e57 to backup queue
2015-01-23 16:25:18,503: INFO: Adding VM WinServerTEST to backup queue
2015-01-23 16:25:18,503: INFO: Adding VM Transfer VM for VDI 7b8b7bf3-0cfb-488d-bd1c-d97473f663b2 to backup queue
2015-01-23 16:25:18,503: DEBUG: List of VMs assembled
2015-01-23 16:25:18,578: DEBUG: VM Transfer VM for VDI 814842d1-be21-4188-b733-e773e9e885ff paused successfully
2015-01-23 16:25:18,579: ERROR: Snapshotting failed for VM Transfer VM for VDI 814842d1-be21-4188-b733-e773e9e885ff
2015-01-23 16:25:18,787: DEBUG: VM WIN7 paused successfully
2015-01-23 16:25:22,951: INFO: Snapshot successful for VM WIN7
2015-01-23 16:25:22,952: DEBUG: WIN7 VM now unpaused
2015-01-23 16:25:22,952: DEBUG: Checking which host to use to download
2015-01-23 16:25:22,952: DEBUG: Using host OpaqueRef:a25c2b5c-2e7a-7b2d-3aff-152d77a0ea7c
2015-01-23 16:25:31,472: DEBUG: Snapshot exposed successfully
2015-01-23 16:25:31,633: INFO: Downloading snapshot for VM WIN7 to destination /home/jon/documents/projects/snapback/download/WIN7.xva
2015-01-23 16:25:31,634: INFO: Download successful for VM WIN7
2015-01-23 16:25:31,634: DEBUG: Attempting to unexpose snapshot
2015-01-23 16:25:38,810: DEBUG: Snapshot unexposed
2015-01-23 16:25:38,810: DEBUG: Destroying snapshot
2015-01-23 16:25:39,644: DEBUG: Snapshot destroyed
2015-01-23 16:25:39,708: DEBUG: VM Transfer VM for VDI 7b8b7bf3-0cfb-488d-bd1c-d97473f663b2 paused successfully
2015-01-23 16:25:39,709: ERROR: Snapshotting failed for VM Transfer VM for VDI 7b8b7bf3-0cfb-488d-bd1c-d97473f663b2
2015-01-23 16:25:39,971: DEBUG: VM WinServerTEST paused successfully
2015-01-23 16:25:44,702: INFO: Snapshot successful for VM WinServerTEST
2015-01-23 16:25:44,703: DEBUG: WinServerTEST VM now unpaused
2015-01-23 16:25:44,703: DEBUG: Checking which host to use to download
2015-01-23 16:25:44,703: DEBUG: Using host OpaqueRef:a25c2b5c-2e7a-7b2d-3aff-152d77a0ea7c
2015-01-23 16:25:59,791: DEBUG: Snapshot exposed successfully
2015-01-23 16:25:59,959: INFO: Downloading snapshot for VM WinServerTEST to destination /home/jon/documents/projects/snapback/download/WinServerTEST.xva
2015-01-23 16:25:59,960: INFO: Download successful for VM WinServerTEST
2015-01-23 16:25:59,960: DEBUG: Attempting to unexpose snapshot
2015-01-23 16:26:07,057: DEBUG: Snapshot unexposed
2015-01-23 16:26:07,058: DEBUG: Destroying snapshot
2015-01-23 16:26:07,805: DEBUG: Snapshot destroyed
2015-01-23 16:26:07,857: DEBUG: VM Transfer VM for VDI f5148ab3-bb26-4d19-afe5-83809261a753 paused successfully
2015-01-23 16:26:07,858: ERROR: Snapshotting failed for VM Transfer VM for VDI f5148ab3-bb26-4d19-afe5-83809261a753
2015-01-23 16:26:08,036: DEBUG: VM Transfer VM for VDI 1bb68ef7-ba1d-47a9-91d9-340c25f91e57 paused successfully
2015-01-23 16:26:08,037: ERROR: Snapshotting failed for VM Transfer VM for VDI 1bb68ef7-ba1d-47a9-91d9-340c25f91e57
