2015-01-23 16:33:02,297: DEBUG: Login successful to host 10.0.10.20 as user root
2015-01-23 16:33:02,374: DEBUG: Retrieved Xen network reference 0928d56f-78cd-92a8-df03-902fabd68723
2015-01-23 16:33:02,374: DEBUG: Beginning main backup loop
2015-01-23 16:33:09,215: INFO: Adding VM WinServerTEST to backup queue
2015-01-23 16:33:09,215: INFO: Adding VM WIN7 to backup queue
2015-01-23 16:33:09,216: DEBUG: List of VMs assembled
2015-01-23 16:33:09,316: DEBUG: VM WIN7 paused successfully
2015-01-23 16:33:13,480: INFO: Snapshot successful for VM WIN7
2015-01-23 16:33:13,481: DEBUG: WIN7 VM now unpaused
2015-01-23 16:33:13,481: DEBUG: Checking which host to use to download
2015-01-23 16:33:13,481: DEBUG: Using host OpaqueRef:a25c2b5c-2e7a-7b2d-3aff-152d77a0ea7c
2015-01-23 16:33:24,329: DEBUG: Snapshot exposed successfully
2015-01-23 16:33:24,488: INFO: Downloading snapshot for VM WIN7 to destination /home/jon/documents/projects/snapback/download/WIN7.xva
2015-01-23 16:33:24,488: DEBUG: URL: http://c126b26404531188:a3ff4fb9239eeff1@10.0.10.66:80/vdi_uuid_b6fd493c-2816-46ae-9918-915917197724
2015-01-23 16:33:24,488: INFO: Download successful for VM WIN7
2015-01-23 16:33:24,489: DEBUG: Attempting to unexpose snapshot
2015-01-23 16:33:32,300: DEBUG: Snapshot unexposed
2015-01-23 16:33:32,300: DEBUG: Destroying snapshot
2015-01-23 16:33:32,964: DEBUG: Snapshot destroyed
2015-01-23 16:33:33,039: DEBUG: VM WinServerTEST paused successfully
2015-01-23 16:33:38,124: INFO: Snapshot successful for VM WinServerTEST
2015-01-23 16:33:38,124: DEBUG: WinServerTEST VM now unpaused
2015-01-23 16:33:38,125: DEBUG: Checking which host to use to download
2015-01-23 16:33:38,125: DEBUG: Using host OpaqueRef:a25c2b5c-2e7a-7b2d-3aff-152d77a0ea7c
2015-01-23 16:33:55,241: DEBUG: Snapshot exposed successfully
2015-01-23 16:33:55,402: INFO: Downloading snapshot for VM WinServerTEST to destination /home/jon/documents/projects/snapback/download/WinServerTEST.xva
2015-01-23 16:33:55,403: DEBUG: URL: http://0224c1a6e82f564f:cd77669bd31476d4@10.0.10.65:80/vdi_uuid_ef571c9a-926d-4b41-b6ca-5080b9fadf0f
2015-01-23 16:33:55,403: INFO: Download successful for VM WinServerTEST
2015-01-23 16:33:55,403: DEBUG: Attempting to unexpose snapshot
2015-01-23 16:34:03,145: DEBUG: Snapshot unexposed
2015-01-23 16:34:03,146: DEBUG: Destroying snapshot
2015-01-23 16:34:03,895: DEBUG: Snapshot destroyed
